20240429	16:03:11	152ff226-bac2-47cf-b607-d3d66b9b3567	GET	/api/admin/text/	undefined
20240429	16:11:25	06e41e71-380c-4a0c-974d-cd311817b16d	GET	/	undefined
20240429	16:11:32	c6eb16d0-7c10-469e-91d1-dce9cafac421	GET	/api/posts	undefined
20240429	16:12:33	9706da1b-9c18-4f68-8a64-259954415f1f	POST	/api/register	undefined
20240429	16:12:51	cb12db44-5ded-4de4-a28f-295a444fc26c	POST	/api/register	undefined
20240429	16:13:12	18082258-5c26-4957-ad78-569ee93742c0	GET	/api/admin	undefined
20240429	16:13:19	532acb37-2308-49ec-974f-82cfa0e9fa6c	GET	/api/admin	undefined
20240429	16:19:49	1e1761d6-c59e-4a8d-baae-ea0e16c52921	POST	/api/admin/post/add	undefined
20240429	16:19:56	69801bb7-5a1f-4d11-9cf0-dc47b18bdacc	POST	/api/admin/post/add	undefined
20240429	16:19:56	d28a76b1-6cc8-45c9-a736-8483fc7531b2	POST	/api/admin/post/add	undefined
20240429	16:19:57	9e6a2fd9-d89a-475c-b52b-50b80702e75c	POST	/api/admin/post/add	undefined
20240429	16:19:58	176ef18b-4eb5-48a6-8a2f-65cb79cdda5e	POST	/api/admin/post/add	undefined
20240429	16:19:59	5e8d51c7-1c33-4748-8631-6b996125e54d	POST	/api/admin/post/add	undefined
20240429	16:20:22	4e81dd5e-1c19-4ece-95f9-602750d2a858	GET	/api/admin/posts	undefined
20240429	16:22:36	0462c8b0-953e-4d73-bbd6-84af4be6628b	GET	/api/user	undefined
20240429	16:23:06	e493893a-6408-4b8a-a877-dc17980bd87f	GET	/api/user	undefined
20240429	16:26:17	0fdf7ebf-8a4f-4224-9bad-1cca52927047	PUT	/api/admin/posts/662f7445fc6a48b95a68faa7	undefined
20240429	16:26:22	e2f6a85a-c509-401d-ad7d-e38ea72120d0	GET	/api/admin/posts	undefined
20240429	16:27:20	7ceafd17-a63b-4cee-a6a9-52c88b94b40f	PUT	/api/admin/posts/662f7445fc6a48b95a68faa7	undefined
20240429	16:27:33	92119e36-0afe-490a-b445-a093bfa6fa95	GET	/api/admin/posts	undefined
20240429	16:31:35	c7137c7e-281c-42bb-832b-5d671dfad12c	POST	/api/public/post/add	undefined
20240429	16:32:17	167f51a8-fca2-4550-9652-67233b7cfbc9	GET	/api/admin/posts	undefined
20240429	16:32:54	321b9a92-5ff5-4beb-85d5-54baa01ac92a	GET	/api/admin/posts	undefined
20240429	16:34:18	85ef3806-4e24-42cd-bf24-181627224079	GET	/api/public/posts	undefined
20240429	16:36:56	d1c29858-feb9-46d1-99a1-757ebe039314	GET	/api/public/posts	undefined
20240429	16:41:53	f60b8a20-02cd-400c-9e58-c7da33b34dd7	GET	/api/public/posts	undefined
20240504	16:06:24	9f4f43cc-5a95-47a2-8b43-311bf674d0e1	POST	/api/public/post/add	undefined
20240504	16:06:39	b719645c-540e-4988-b3e7-957d5d248ae4	GET	/api/admin/posts	undefined
20240504	16:07:00	bb47ab49-112d-4166-aef5-251865534b06	PUT	/api/admin/posts/663608a058cb72d7d302c836	undefined
20240504	16:07:05	f569ec1d-5f34-4a67-99f5-0f388db7ea5c	GET	/api/admin/posts	undefined
20240504	16:55:21	92cff9e9-c163-440a-995a-2add552abb1b	GET	/api-docs/	undefined
20240504	16:55:21	cb055d46-5ceb-439d-a520-af8ec7ba4585	GET	/api-docs/swagger-ui.css	undefined
20240504	16:55:21	454f04c3-595c-463c-be8e-46f63d8b63bb	GET	/api-docs/swagger-ui-bundle.js	undefined
20240504	16:55:21	5b32c69c-fb02-460a-9295-21bb2c3708dd	GET	/api-docs/swagger-ui-standalone-preset.js	undefined
20240504	16:55:21	2439f4d1-5b1b-4ead-905d-ac20ba7ff28e	GET	/api-docs/swagger-ui-init.js	undefined
20240504	16:55:21	678db1c5-805c-47b9-94d5-836e428ffa3f	GET	/api-docs/favicon-32x32.png	undefined
20240504	16:58:55	f37ed5ee-b5e6-484a-9c5c-0c09087e63d6	GET	/api-docs/	undefined
20240504	16:58:55	1966bb67-6a33-41ed-a494-6af51e0b511b	GET	/api-docs/swagger-ui.css	undefined
20240504	16:58:55	714108f2-38b8-42f0-a0c8-be676e24ed6c	GET	/api-docs/swagger-ui-bundle.js	undefined
20240504	16:58:55	34ce7d5a-5131-4267-be04-3f696a1d6104	GET	/api-docs/swagger-ui-standalone-preset.js	undefined
20240504	16:58:55	c51cc193-fe3c-425f-926d-262f626563e0	GET	/api-docs/swagger-ui-init.js	undefined
20240504	16:58:56	9b5b4837-8109-408a-b750-26975d09a39b	GET	/api-docs/favicon-32x32.png	undefined
20240504	17:03:04	3b48d0e2-0adf-4dfc-a730-16f4398d2ae1	GET	/api-docs/	undefined
20240504	17:03:04	bd9d81ea-bb0d-476a-a269-febfe2153cfc	GET	/api-docs/swagger-ui.css	undefined
20240504	17:03:04	d9f87f67-8c30-45c4-8c93-4aaebdcc274d	GET	/api-docs/swagger-ui-bundle.js	undefined
20240504	17:03:04	03e6caf7-745e-4e60-a417-2d520256b5fe	GET	/api-docs/swagger-ui-standalone-preset.js	undefined
20240504	17:03:04	af40b3e3-75d7-46c7-8a1e-5437c9b648d7	GET	/api-docs/swagger-ui-init.js	undefined
20240504	17:03:04	4d1e5fab-f945-41e9-b27f-12b8e1f981f6	GET	/api-docs/favicon-32x32.png	undefined
20240504	17:05:03	a24fe243-3acf-41e0-ba80-e3057352297d	GET	/api-docs/	undefined
20240504	17:05:03	d0d4e5cf-6018-4eec-8334-1d5fcb1a82dd	GET	/api-docs/swagger-ui.css	undefined
20240504	17:05:03	173e7b86-2242-40c4-924a-f04fc0ce5578	GET	/api-docs/swagger-ui-bundle.js	undefined
20240504	17:05:03	6b6dbfa4-d00c-4b77-9d19-8066ee91ffdf	GET	/api-docs/swagger-ui-standalone-preset.js	undefined
20240504	17:05:03	4d4f4723-5ce8-411e-ae1b-a1e68bd2065b	GET	/api-docs/swagger-ui-init.js	undefined
20240504	17:05:03	7c1f0d31-35f4-4f58-9d9b-8490ac3fd95f	GET	/api-docs/favicon-32x32.png	undefined
20240504	17:07:43	1d97b1d9-4440-421e-b4f1-b021d964d15c	GET	/api-docs/	undefined
20240504	17:07:43	36fcc621-0249-4086-9cb9-a0633ef46d4d	GET	/api-docs/swagger-ui.css	undefined
20240504	17:07:43	b6d28a99-6e51-46b5-b891-6fabb441c501	GET	/api-docs/swagger-ui-bundle.js	undefined
20240504	17:07:43	a3b2418c-ff92-4bc7-8fb0-a63c3662a73e	GET	/api-docs/swagger-ui-standalone-preset.js	undefined
20240504	17:07:43	8b55dc7a-d07a-4eed-9771-c202dbea3b9b	GET	/api-docs/swagger-ui-init.js	undefined
20240504	17:07:43	8f8663b1-4888-497d-a178-e11c16d9385f	GET	/api-docs/favicon-32x32.png	undefined
20240504	17:09:09	b8600625-7ff5-47a3-9b33-71c8dea2ed40	GET	/api-docs/	undefined
20240504	17:09:09	048714eb-2c73-425a-aecd-7472c726b95f	GET	/api-docs/swagger-ui.css	undefined
20240504	17:09:09	ce1b1d1a-23cb-40a9-adfe-8d3fff7b751f	GET	/api-docs/swagger-ui-bundle.js	undefined
20240504	17:09:09	77ac5bb2-96e6-413c-991f-26c9fc8a356a	GET	/api-docs/swagger-ui-standalone-preset.js	undefined
20240504	17:09:09	c17c919d-1460-4f68-9ced-651ac78460c5	GET	/api-docs/swagger-ui-init.js	undefined
20240504	17:09:09	fe9a57d3-9757-4b0c-b50c-261dff730015	GET	/api-docs/favicon-32x32.png	undefined
20240504	17:09:28	3347b3f7-3c97-4e31-9317-5b0989b57762	GET	/api-docs/	undefined
20240504	17:09:28	52f7455b-8a02-4893-9a2c-cc5185c317e2	GET	/api-docs/swagger-ui.css	undefined
20240504	17:09:28	ad9fc7ee-a167-4aba-a39c-e399ac48da82	GET	/api-docs/swagger-ui-bundle.js	undefined
20240504	17:09:28	b1398608-6d01-457e-bf14-cc830888e57d	GET	/api-docs/swagger-ui-standalone-preset.js	undefined
20240504	17:09:28	8771d134-cc4a-4b68-9474-7201cb338446	GET	/api-docs/swagger-ui-init.js	undefined
20240504	17:09:28	2080de66-e847-4415-918c-acd76d604667	GET	/api-docs/favicon-32x32.png	undefined
20240504	17:09:28	fcbcd566-63d6-4e56-b7bb-6cb7432a8a19	GET	/api-docs/	undefined
20240504	17:09:28	0daf8870-298c-40ae-ae56-07799fa90769	GET	/api-docs/swagger-ui.css	undefined
20240504	17:09:28	e22ce483-867e-4cd5-886f-1c96d2e2581e	GET	/api-docs/swagger-ui-bundle.js	undefined
20240504	17:09:28	ec8679c4-28c1-4152-90be-9bf12a5d8c62	GET	/api-docs/swagger-ui-standalone-preset.js	undefined
20240504	17:09:28	97b925db-82b4-4254-9030-869fcec7df0b	GET	/api-docs/swagger-ui-init.js	undefined
20240504	17:09:28	d11d3941-ff5a-4174-b545-a14fbfbbddf2	GET	/api-docs/favicon-32x32.png	undefined
20240504	17:11:48	43e0a087-a64a-4f2a-86ab-1787875dc3cd	GET	/api-docs/	undefined
20240504	17:11:48	638284f2-d432-4c4f-8865-4305b25fa01a	GET	/api-docs/swagger-ui.css	undefined
20240504	17:11:48	c5e8080c-bb25-42ea-8433-8fc4a73804f2	GET	/api-docs/swagger-ui-bundle.js	undefined
20240504	17:11:48	2295dc5b-53cd-47d9-9b9c-68886deb7164	GET	/api-docs/swagger-ui-standalone-preset.js	undefined
20240504	17:11:48	8cc5a108-9c0b-4e16-b94a-2c3f8943cae5	GET	/api-docs/swagger-ui-init.js	undefined
20240504	17:11:48	d111e5b0-21d3-4834-8427-4d59016b2e16	GET	/api-docs/favicon-32x32.png	undefined
20240504	17:12:45	424cb7e1-27a5-434d-9f18-6597e405c849	GET	/api-docs/	undefined
20240504	17:12:45	4e5c19a7-958d-41f3-a500-8f1ece2bd6ef	GET	/api-docs/swagger-ui.css	undefined
20240504	17:12:45	6c751694-8fab-409d-8141-30af54a52643	GET	/api-docs/swagger-ui-bundle.js	undefined
20240504	17:12:45	53f9497d-4a68-4abf-83e8-cc4f52e90b18	GET	/api-docs/swagger-ui-standalone-preset.js	undefined
20240504	17:12:45	93de4b69-8117-4896-88f2-383cc68c09ee	GET	/api-docs/swagger-ui-init.js	undefined
20240504	17:12:46	9f00ce9e-d5bd-4ca7-aba5-125d1092b7b5	GET	/api-docs/favicon-32x32.png	undefined
20240504	17:13:45	4510e8eb-151d-45e3-885e-0c8599689267	GET	/api-docs/	undefined
20240504	17:13:45	e9c40f39-ede0-4d82-9c95-a8a9ad1be6c4	GET	/api-docs/swagger-ui.css	undefined
20240504	17:13:45	59c9c300-716a-4729-9718-63ede35576f6	GET	/api-docs/swagger-ui-bundle.js	undefined
20240504	17:13:45	a9aa8206-48bf-4c04-bf46-6f0eb218ae65	GET	/api-docs/swagger-ui-standalone-preset.js	undefined
20240504	17:13:45	34e91409-e1db-45c7-a981-9186f4ae45a9	GET	/api-docs/swagger-ui-init.js	undefined
20240504	17:13:45	4b65a0c5-0d51-44c8-b410-7ea04a23bc57	GET	/api-docs/favicon-32x32.png	undefined
20240504	17:15:09	39ee3849-919e-4bc1-9eb0-65516d7ce34a	GET	/api-docs/	undefined
20240504	17:15:09	2d033a04-3706-4564-b4d6-9a14ee62311a	GET	/api-docs/swagger-ui.css	undefined
20240504	17:15:09	4bf01893-b406-4981-8ae1-bfd434f3273a	GET	/api-docs/swagger-ui-bundle.js	undefined
20240504	17:15:09	f85b2984-6cb6-46b1-8871-2db301ea8703	GET	/api-docs/swagger-ui-standalone-preset.js	undefined
20240504	17:15:09	7747cf67-1f16-482c-a045-3a94f7025144	GET	/api-docs/swagger-ui-init.js	undefined
20240504	17:15:09	5030e417-6131-46b0-9a73-cbcba6730a81	GET	/api-docs/favicon-32x32.png	undefined
20240504	17:16:49	03a0cefd-5895-4afd-8b55-27ea4952db91	GET	/api-docs/	undefined
20240504	17:16:49	194f46dc-4b46-486f-93cd-75808dfb62e7	GET	/api-docs/swagger-ui.css	undefined
20240504	17:16:49	7f72d8a7-f808-4eeb-aac9-e5a9ba536a1b	GET	/api-docs/swagger-ui-bundle.js	undefined
20240504	17:16:49	fa62b0b2-1a94-4ac0-8d3c-0117c5e22e66	GET	/api-docs/swagger-ui-standalone-preset.js	undefined
20240504	17:16:49	2c943a4a-59be-47c6-b89f-3db9b32efcb2	GET	/api-docs/swagger-ui-init.js	undefined
20240504	17:16:49	38f8a2d9-297f-4bcd-8294-d5ed51d9e2ba	GET	/api-docs/favicon-32x32.png	undefined
20240504	17:17:30	b62a0b34-f0c0-4902-b08f-fd1418a21373	GET	/api-docs/	undefined
20240504	17:17:30	a2bbfb8f-bb14-4575-b771-294566c54c2e	GET	/api-docs/swagger-ui.css	undefined
20240504	17:17:30	32c5031e-ca97-4ac5-b64b-0ac7f093dc1e	GET	/api-docs/swagger-ui-bundle.js	undefined
20240504	17:17:30	4585853b-7721-41a3-8943-04a22a108261	GET	/api-docs/swagger-ui-standalone-preset.js	undefined
20240504	17:17:30	becbd01b-a2c0-4fef-afa3-f0ecdd2f02d0	GET	/api-docs/swagger-ui-init.js	undefined
20240504	17:17:30	8a3fa4d6-7805-47c1-831c-afcbb40c9a4d	GET	/api-docs/favicon-32x32.png	undefined
20240504	17:19:37	0e9554b9-c814-42d8-9412-11cac544458e	GET	/api-docs/	undefined
20240504	17:19:37	1ff069b1-04ab-4299-a3c4-5521ea48ebd8	GET	/api-docs/swagger-ui.css	undefined
20240504	17:19:37	510bed00-c550-4bd9-86fe-0d5611ab1a60	GET	/api-docs/swagger-ui-bundle.js	undefined
20240504	17:19:37	fd1de963-64e8-4d4a-b0d5-e814af1eb8b7	GET	/api-docs/swagger-ui-standalone-preset.js	undefined
20240504	17:19:37	d4c520fb-1074-48bc-ba9f-17cdd3bd74b1	GET	/api-docs/swagger-ui-init.js	undefined
20240504	17:19:37	b06eac26-08d8-4328-9cff-4d723ff9b82c	GET	/api-docs/favicon-32x32.png	undefined
20240504	17:20:48	57a3744e-a614-4bda-8853-d4a71c3f70e8	GET	/api-docs/	undefined
20240504	17:20:48	84696ed9-5c2d-4fea-8dca-2b753f7f302a	GET	/api-docs/swagger-ui.css	undefined
20240504	17:20:48	934d9818-254f-46d0-9146-c772ba17c9d1	GET	/api-docs/swagger-ui-bundle.js	undefined
20240504	17:20:48	e046ea1d-5eb7-4aee-958e-b977cbdcd148	GET	/api-docs/swagger-ui-standalone-preset.js	undefined
20240504	17:20:48	b9a90c1a-4e16-4d5b-ad92-6cdc53407b98	GET	/api-docs/swagger-ui-init.js	undefined
20240504	17:20:48	0f85cc82-6404-42c0-a78a-2cd65feea25f	GET	/api-docs/favicon-32x32.png	undefined
20240504	17:35:04	5fb0457f-8d2d-4f61-ba39-f9a7d71c5202	GET	/api-docs/	undefined
20240504	17:35:04	68da1513-f1eb-4ae0-b649-f1f0864db584	GET	/api-docs/swagger-ui.css	undefined
20240504	17:35:04	2df3805d-7e35-4a35-89fd-5063f6b9083f	GET	/api-docs/swagger-ui-bundle.js	undefined
20240504	17:35:04	04708c71-c088-4a67-ac29-c4532356e8aa	GET	/api-docs/swagger-ui-standalone-preset.js	undefined
20240504	17:35:04	b0987ddb-c261-4368-9405-c8ac278960ab	GET	/api-docs/swagger-ui-init.js	undefined
20240504	17:35:04	5635d2e9-73fe-4220-9f33-63ead304a52e	GET	/api-docs/favicon-32x32.png	undefined
20240504	17:36:11	04b95612-4890-47ac-b0e6-f82f8e0791aa	GET	/api-docs/	undefined
20240504	17:36:12	ac6c0f75-87c6-4fe8-8e5d-cc3fa1547e00	GET	/api-docs/swagger-ui.css	undefined
20240504	17:36:12	3aa0fea2-0969-4f22-94aa-c6c591f08062	GET	/api-docs/swagger-ui-bundle.js	undefined
20240504	17:36:12	1b1ba0b2-e779-4b36-b330-4ac39026dcde	GET	/api-docs/swagger-ui-standalone-preset.js	undefined
20240504	17:36:12	4168bef8-e334-4be9-adcd-48ea4233546b	GET	/api-docs/swagger-ui-init.js	undefined
20240504	17:36:12	a6702f08-2e30-4e05-8bcb-97edee29d604	GET	/api-docs/favicon-32x32.png	undefined
20240504	17:37:28	2b1086db-5661-4ada-9bfe-39a95e16b2e8	GET	/api-docs/	undefined
20240504	17:37:28	8f58ddc3-a39d-47ee-b444-8a8fade67f99	GET	/api-docs/swagger-ui.css	undefined
20240504	17:37:28	029666a0-3866-4f7e-ad27-2dd95a42f22e	GET	/api-docs/swagger-ui-bundle.js	undefined
20240504	17:37:28	630efc4f-4c2b-4087-ab0b-f91db57c4ee1	GET	/api-docs/swagger-ui-standalone-preset.js	undefined
20240504	17:37:28	10574a34-c7e0-48cf-94e9-9a43d544dabb	GET	/api-docs/swagger-ui-init.js	undefined
20240504	17:37:28	35a150b2-cd37-4308-b461-c8a9196ca0c3	GET	/api-docs/favicon-32x32.png	undefined
20240505	09:41:09	b1be1605-db4c-4dcc-8b24-7703eac2abe5	GET	/api/admin/blogs	undefined
20240505	09:41:14	de8d287d-f00b-4c59-bb7c-119b5a7a88d2	GET	/api/admin/questions	undefined
20240505	09:41:47	7158f23e-565d-4c17-90be-6081f7571c1a	GET	/api/users	undefined
20240505	09:41:56	5b0db09d-9e51-466b-83b3-ff69f6b0cd77	GET	/api/user	undefined
20240505	09:45:20	3bb7e1bb-638d-47b1-a7c2-64d35bb9df21	GET	/api/user	undefined
20240505	09:49:51	57a83929-5900-4c32-887c-6a555ed1c39a	POST	/api/auth	undefined
20240505	09:52:00	482f3bc9-bace-4868-b497-e5990d8a3acc	POST	/api/auth	undefined
20240506	15:08:42	4ad8b17d-db74-4a9a-a78d-b1dac9ed34b1	GET	/api-docs/	undefined
20240506	15:08:42	b5e5bfe3-c520-4b27-a88a-5a61aeed46e2	GET	/api-docs/swagger-ui.css	undefined
20240506	15:08:42	67aeca8e-73db-4201-8649-b8708b40fc49	GET	/api-docs/swagger-ui-bundle.js	undefined
20240506	15:08:42	c76aebf3-a134-4e46-ab36-3be5aaa2b8e1	GET	/api-docs/swagger-ui-standalone-preset.js	undefined
20240506	15:08:42	4d239db9-6ee2-4cc2-b368-baafbb20dcf6	GET	/api-docs/swagger-ui-init.js	undefined
20240506	16:56:22	f43fa310-30a7-48d8-a19a-0a07d61668b6	GET	/api/admin/blogs	undefined
20240508	11:48:42	8d244039-b1d3-49e7-8517-657f05f14727	POST	/api/register	undefined
20240508	11:49:32	e9bfbc05-2308-4b37-b6a7-b81bca5cabc6	POST	/api/register	undefined
20240508	11:49:48	463d87e4-5d84-4440-9ae0-cea0a6c68d1c	POST	/api/register	undefined
20240508	11:50:24	ed4d5303-74f5-4c57-9fef-e925e421c52c	POST	/api/register	undefined
20240508	11:52:14	dcdeb19f-61a3-4010-bd03-93e064f61bdc	POST	/api/register	undefined
20240508	11:55:19	79a3f6f5-8a9d-4481-9b41-9f909d6293c1	POST	/api/auth	undefined
20240508	12:17:45	a35d0d6d-a2c4-4de3-830a-16a5b693bb73	GET	/api-docs/	undefined
20240508	12:17:45	d04cbb94-ffe1-4787-b83e-f4da174334de	GET	/api-docs/swagger-ui.css	undefined
20240508	12:17:45	dbb4bdfa-9539-47ae-9878-a7a1e85c4e50	GET	/api-docs/swagger-ui-bundle.js	undefined
20240508	12:17:45	686f88bf-bc63-42e3-a741-c2f037dbf4fe	GET	/api-docs/swagger-ui-standalone-preset.js	undefined
20240508	12:17:45	c602eaa5-eb5b-4f13-8d39-9ddbf7e2828c	GET	/api-docs/swagger-ui-init.js	undefined
20240508	12:21:21	7cdfd006-5462-4ded-bd0e-b3c8127288c7	GET	/api-docs/	undefined
20240508	12:21:21	610d072d-01ed-461a-99f4-5f125b857b20	GET	/api-docs/swagger-ui.css	undefined
20240508	12:21:21	38f90292-23f0-4f03-b0b8-15541af30566	GET	/api-docs/swagger-ui-bundle.js	undefined
20240508	12:21:21	3268f9c1-b8ae-4cc4-8166-e840c749cd60	GET	/api-docs/swagger-ui-standalone-preset.js	undefined
20240508	12:21:21	c9b13fad-aa1f-4820-94f4-07a3da865c66	GET	/api-docs/swagger-ui-init.js	undefined
20240508	12:21:21	fe89a5f8-44de-410e-81a2-e0a421ae6401	GET	/api-docs/favicon-32x32.png	undefined
20240508	12:21:37	9eeb0c7d-0299-40c3-9647-487ac6914d9f	GET	/api-docs/	undefined
20240508	12:21:37	7440cc03-0350-4b81-97ff-70c85c807622	GET	/api-docs/swagger-ui.css	undefined
20240508	12:21:37	7caca000-f640-431d-82f3-28bb1a139afa	GET	/api-docs/swagger-ui-bundle.js	undefined
20240508	12:21:37	8d7e371d-5657-419d-be68-e0ab08658053	GET	/api-docs/swagger-ui-standalone-preset.js	undefined
20240508	12:21:37	3e823603-6974-4280-88d7-d5cf7781b68f	GET	/api-docs/swagger-ui-init.js	undefined
20240508	12:21:37	84ea7135-c908-4bd0-ad30-373ff9f6c131	GET	/api-docs/favicon-32x32.png	undefined
20240508	12:21:39	a6044a72-c52c-4261-8f0e-a14d9a8b1d99	GET	/api-docs/	undefined
20240508	12:21:39	74bbc73d-8404-4775-b666-0938845958a6	GET	/api-docs/swagger-ui.css	undefined
20240508	12:21:39	9b23ae4b-ac3b-4082-bb37-3266d992d4e6	GET	/api-docs/swagger-ui-bundle.js	undefined
20240508	12:21:39	9ceed1b4-32cd-4862-a51f-f5f40895706b	GET	/api-docs/swagger-ui-standalone-preset.js	undefined
20240508	12:21:39	20fcb23e-e9c5-44b3-9e72-eb2b6013f43f	GET	/api-docs/swagger-ui-init.js	undefined
20240508	12:21:39	95680749-2dff-4c6e-8602-dd33d2ab34a0	GET	/api-docs/favicon-32x32.png	undefined
20240508	12:22:32	834efbe8-b0f8-40e9-aff8-bdcc6051e618	GET	/api-docs/	undefined
20240508	12:22:32	1567a165-6fc9-469e-950a-4f16394ab495	GET	/api-docs/swagger-ui.css	undefined
20240508	12:22:32	440c2924-23ea-4fe0-9a5e-6bfbd9cb0399	GET	/api-docs/swagger-ui-bundle.js	undefined
20240508	12:22:32	cd6f8087-19b0-4620-be24-4da6537284f1	GET	/api-docs/swagger-ui-standalone-preset.js	undefined
20240508	12:22:32	c491ee53-b03c-4541-b1fa-8f1ecc35d5be	GET	/api-docs/swagger-ui-init.js	undefined
20240508	12:22:32	441b7304-a2e8-4dc0-a8cf-570b7319d7fa	GET	/api-docs/favicon-32x32.png	undefined
20240508	12:28:01	e857e301-f857-4be6-99aa-cfdca3766e84	GET	/api-docs/	undefined
20240508	12:28:01	754cbe8d-5b73-494f-8b0b-f38ffb7bc356	GET	/api-docs/swagger-ui.css	undefined
20240508	12:28:01	2063d569-ff05-44e5-a526-134a595be743	GET	/api-docs/swagger-ui-bundle.js	undefined
20240508	12:28:01	f4f0ecad-5e52-4404-a15d-36e4d5be2184	GET	/api-docs/swagger-ui-standalone-preset.js	undefined
20240508	12:28:01	15ad3125-f5da-4fc5-8588-113835951d9e	GET	/api-docs/swagger-ui-init.js	undefined
20240508	12:28:01	c963a91d-568a-493f-b38a-4d06b9e1ff25	GET	/api-docs/favicon-32x32.png	undefined
20240508	12:29:14	246551d0-3dbc-46a3-98df-f58582569f8c	GET	/api-docs/	undefined
20240508	12:29:15	c6beaa13-6e20-407e-87e2-2498fbb579e8	GET	/api-docs/swagger-ui.css	undefined
20240508	12:29:15	ffc23895-5de0-4af0-9795-5a5243d7f691	GET	/api-docs/swagger-ui-bundle.js	undefined
20240508	12:29:15	79348fcd-7d9f-4ae0-8b20-b7c7d997f2d6	GET	/api-docs/swagger-ui-standalone-preset.js	undefined
20240508	12:29:15	6923e9a6-e469-4c16-9426-d5ed825636fb	GET	/api-docs/swagger-ui-init.js	undefined
20240508	12:29:15	1c1b67f1-33f3-4a7d-a285-0d714f42d23f	GET	/api-docs/favicon-32x32.png	undefined
20240508	12:31:34	10bb0807-2606-4d3b-8f44-9ccf11899525	GET	/api/teacher/blogs	undefined
20240508	12:33:25	4ab65b60-0796-4f0f-8958-a5c8f460c18e	POST	/api/teacher/blog/add	undefined
20240508	12:33:31	5cf0c68c-595d-4c7a-88e7-57595a9f60c1	GET	/api/teacher/blogs	undefined
20240508	12:34:17	91e86134-cba5-4fdf-bc76-2732c2e97eec	PUT	/api/teacher/blogs/663b1cb5a1561dc8c64522f4	undefined
20240508	12:34:23	f1c0479d-a013-447f-8858-b2bdb2faf2ea	GET	/api/teacher/blogs	undefined
20240508	12:34:34	414d187a-a237-4aed-8ba8-b034a7f5ce64	DELETE	/api/teacher/blogs/663b1cb5a1561dc8c64522f4	undefined
20240508	12:34:38	dbd9a1d2-ca87-49dd-afe0-1dcf4b6f2e1d	GET	/api/teacher/blogs	undefined
20240508	12:34:43	e4ad0aea-6031-4709-acb3-e4baece0e511	POST	/api/teacher/blog/add	undefined
20240508	12:34:47	9ba12687-c32f-4968-bb55-0da9419fe136	GET	/api/teacher/blogs	undefined
20240508	12:45:07	57863897-6528-4bce-a9f2-83d8c10938d6	GET	/api/public/blogs	undefined
20240508	12:45:31	2e86e27d-d0d6-4c69-9f55-119f77e2a68d	POST	/api/register	undefined
20240508	12:45:37	f52715fc-ec8d-4b04-b0a6-0466128d427b	POST	/api/register	undefined
20250529	16:28:36	6698692e-a1d5-4c4f-898e-76dc5d0fbc8a	GET	/api-docs/	undefined
20250529	16:28:37	59c0278f-71a4-4c07-8a81-a6055dbf0062	GET	/api-docs/swagger-ui-standalone-preset.js	undefined
20250529	16:28:37	899e4196-fd4f-4e94-9d60-94d0c9901221	GET	/api-docs/swagger-ui-init.js	undefined
20250529	16:28:37	9c97a1d0-3cab-4608-9b8b-fb354afd2686	GET	/api-docs/swagger-ui-bundle.js	undefined
20250529	16:28:37	4b250213-4bbf-419c-9097-da21d452f689	GET	/api-docs/swagger-ui.css	undefined
20250529	16:37:55	8bb229e3-15a7-459d-880f-f40e0864d582	GET	/api-docs/	undefined
20250529	16:37:55	5ca38b24-9593-4d24-ae89-7a97f4c0320e	GET	/api-docs/swagger-ui-bundle.js	undefined
20250529	16:37:55	7df8627b-7049-4e28-a7c6-e2ac43758e41	GET	/api-docs/swagger-ui.css	undefined
20250529	16:37:55	b4df09b0-2c32-4706-af27-4c0d037d2f83	GET	/api-docs/swagger-ui-init.js	undefined
20250529	16:37:55	1d44d9b7-825a-443a-97a1-f9ac90f57bf3	GET	/api-docs/swagger-ui-standalone-preset.js	undefined
20250529	16:37:55	615382ce-5ed8-45a2-a960-b00b387f795e	GET	/api-docs/favicon-32x32.png	undefined
20250529	16:40:05	06ad4c92-773d-4201-a18b-8a9762ca15fd	GET	/api-docs/	undefined
20250529	16:40:05	abe53b64-3823-4f6a-bb61-69739a064eae	GET	/api-docs/swagger-ui.css	undefined
20250529	16:40:05	43bccfad-446c-4f02-af9e-7183860cbcef	GET	/api-docs/swagger-ui-standalone-preset.js	undefined
20250529	16:40:05	1ed0200a-9d3f-4507-a4fc-36d6ec0812de	GET	/api-docs/swagger-ui-bundle.js	undefined
20250529	16:40:05	da099e3b-7c35-4c24-aed4-8ad03fe1c771	GET	/api-docs/swagger-ui-init.js	undefined
20250529	16:40:05	16f953db-618f-4b32-8587-9a7284123131	GET	/api-docs/favicon-32x32.png	undefined
20250529	16:40:18	7a45314d-45ad-42f5-bd7f-b6d42f8cfa54	GET	/api-docs/	undefined
20250529	16:40:18	0722721d-af16-4979-8b44-627ce90757fd	GET	/api-docs/swagger-ui-standalone-preset.js	undefined
20250529	16:40:18	f54fd37f-d6ec-46d9-9752-71627a80e168	GET	/api-docs/swagger-ui.css	undefined
20250529	16:40:18	36d7fe90-867b-420f-9d38-3ec41e68f329	GET	/api-docs/swagger-ui-bundle.js	undefined
20250529	16:40:18	d850fb47-21f3-4d4b-96a1-2f01d9ab3d72	GET	/api-docs/swagger-ui-init.js	undefined
20250529	16:40:18	90a6cd85-e18b-4402-b62d-6951bfd7fc90	GET	/api-docs/favicon-32x32.png	undefined
20250529	17:00:55	58f98809-0d98-454d-a9da-300cc3700333	GET	/api-docs/	undefined
20250529	17:00:55	2e2a4d8b-6e9f-470e-8752-bfe3eea32956	GET	/api-docs/swagger-ui-bundle.js	undefined
20250529	17:00:55	9c95c5cc-baf1-44f9-b531-4aabd2c96728	GET	/api-docs/swagger-ui.css	undefined
20250529	17:00:55	a1b4db1a-69ee-4c3d-abaf-b6c5efc7cf56	GET	/api-docs/swagger-ui-standalone-preset.js	undefined
20250529	17:00:55	b5dbe4c4-70c0-474e-8783-5e9e37012b5e	GET	/api-docs/swagger-ui-init.js	undefined
20250529	17:00:55	aa1dc254-d4e0-4053-8b94-6f9e700d962d	GET	/api-docs/favicon-32x32.png	undefined
20250529	21:24:51	8f00b1d0-031a-45b7-a4d5-aebbad248d84	POST	/api/user	undefined
20250529	21:24:52	2278193d-25ae-47d5-b977-cb408f80e9ee	POST	/api/user	undefined
20250529	21:24:53	6092f738-ae19-4d11-aa80-4549f5075e69	POST	/api/user	undefined
20250529	21:24:53	5a28b53a-f842-4464-8780-a738032a5bac	POST	/api/user	undefined
20250529	21:25:04	70449186-b1e0-4a83-928e-a17806b6f251	POST	/api/user/	undefined
20250529	21:25:05	717b63e3-2e05-4e18-b4c2-0366947a4db9	POST	/api/user/	undefined
20250529	21:25:22	c7185c50-4b23-40ee-ac1d-5cc95f52dd68	GET	/api/user/	undefined
20250529	21:25:50	cafd793c-19d4-4e34-96b5-f9d933576019	GET	/api/auth/	undefined
20250529	21:26:01	958ae8da-6898-4fce-812e-b2fee363446c	POST	/api/auth/	undefined
20250529	21:28:51	24a65083-e960-42ea-a8f5-2a1c995072ee	POST	/api/auth/	undefined
20250529	21:29:44	7c982229-c0a4-4d28-b80b-d471026bbe8b	POST	/api/register/	undefined
20250529	21:30:04	f172db32-d879-45ec-9ae9-d69468ec7edb	GET	/api/user/	undefined
20250529	21:38:32	ca63dac5-7e78-4b31-afe1-0d47cca01f3e	POST	/api/register/	undefined
20250529	21:39:04	eb4bd960-b016-43a2-b4ab-c1ff0012e7f8	POST	/api/register/	undefined
20250529	21:39:14	24b4100d-6fad-4b67-b8cd-59021f93eac3	POST	/api/register/	undefined
20250529	21:39:36	9eb3a551-372e-40ac-bf02-dbdfca3db78d	POST	/api/auth/	undefined
20250529	21:45:17	1be8f8d8-d84c-4862-bbfb-5fbb08b25dbb	POST	/api/auth/	undefined
20250529	21:46:08	1754def4-ac9e-43ed-bbc0-c348a064cf68	POST	/api/auth/	undefined
20250529	21:47:59	b64af616-dc78-41a8-b006-d8b8a60bcef0	GET	/api-docs/	undefined
20250529	21:47:59	f051876e-2b0f-4ba6-bc6a-5b94e3b95b0d	GET	/api-docs/swagger-ui.css	undefined
20250529	21:47:59	f7587dbf-182d-42c9-96cc-234437e19694	GET	/api-docs/swagger-ui-bundle.js	undefined
20250529	21:47:59	fd28e61e-81a5-47d5-af7b-f2d9fdda07b7	GET	/api-docs/swagger-ui-init.js	undefined
20250529	21:47:59	b985ed32-e6cb-4522-b3d9-27d6f846e554	GET	/api-docs/swagger-ui-standalone-preset.js	undefined
20250529	21:47:59	a7871149-338f-4e78-83b7-9a975055dbcb	GET	/api-docs/favicon-32x32.png	undefined
20250529	21:48:05	0fcdc61e-48f7-44b1-ab2c-d670a5b1f6d6	GET	/api-docs/	undefined
20250529	21:48:05	308a2233-9314-4447-9dcf-24b29ee52e62	GET	/api-docs/swagger-ui.css	undefined
20250529	21:48:05	89673f78-9dde-4865-8239-96533d1cc537	GET	/api-docs/swagger-ui-bundle.js	undefined
20250529	21:48:05	6149b60a-ab2e-4857-b4a4-a589cdd8d5df	GET	/api-docs/swagger-ui-standalone-preset.js	undefined
20250529	21:48:05	6cacb9dc-0e41-4a65-a4f6-015143c14828	GET	/api-docs/swagger-ui-init.js	undefined
20250529	21:48:05	7d964cf3-b6d5-4a22-b616-d51f174860e7	GET	/api-docs/favicon-32x32.png	undefined
20250529	21:48:06	19a9d812-6e43-4115-9e2b-81cd910c96e5	GET	/api-docs/	undefined
20250529	21:48:06	cc0d30dd-7e7d-45c0-9f92-06ba1a7a7f89	GET	/api-docs/swagger-ui.css	undefined
20250529	21:48:06	bd44c4d9-332c-42ff-a315-133acefa9f7d	GET	/api-docs/swagger-ui-bundle.js	undefined
20250529	21:48:06	e199d064-3969-4611-bb5a-c421ebe32dee	GET	/api-docs/swagger-ui-standalone-preset.js	undefined
20250529	21:48:06	b2c50cd2-25e1-4e55-9f1b-728650852775	GET	/api-docs/swagger-ui-init.js	undefined
20250529	21:48:06	8bd37dc4-52a2-4c30-9179-98f3e7b5adf3	GET	/api-docs/favicon-32x32.png	undefined
20250529	21:48:07	5c41ff06-e73e-4864-a21d-238878188651	GET	/api-docs/	undefined
20250529	21:48:07	44bb9970-ed70-40b8-95b2-afec0789ff36	GET	/api-docs/swagger-ui.css	undefined
20250529	21:48:07	7105cea8-5c72-4769-87a6-83c4f8b78687	GET	/api-docs/swagger-ui-standalone-preset.js	undefined
20250529	21:48:07	add55b50-95b7-43d7-be9d-22ad521b573c	GET	/api-docs/swagger-ui-bundle.js	undefined
20250529	21:48:07	23704102-b1bd-4600-8833-4784c007fe34	GET	/api-docs/swagger-ui-init.js	undefined
20250529	21:48:07	115e8ac7-d954-40b1-b20d-a69167b4ad9f	GET	/api-docs/favicon-32x32.png	undefined
20250529	21:48:08	77e8a915-cd38-470c-b197-19a7f0ccffcd	GET	/api-docs/	undefined
20250529	21:48:08	a52d6e95-5b65-4d2e-91ff-acf5804e616c	GET	/api-docs/swagger-ui-bundle.js	undefined
20250529	21:48:08	11a83e68-1f29-4acd-bf18-cb74d5586e85	GET	/api-docs/swagger-ui.css	undefined
20250529	21:48:08	9f867684-e5b1-466b-af04-11d355bbe05d	GET	/api-docs/swagger-ui-standalone-preset.js	undefined
20250529	21:48:08	51bef714-8b92-42dd-8285-0be2970af57a	GET	/api-docs/swagger-ui-init.js	undefined
20250529	21:48:08	5f8826aa-da93-4815-bf59-ea846a3f41e8	GET	/api-docs/favicon-32x32.png	undefined
20250529	21:48:08	2baa90e4-1263-4f05-b29b-a7f254d018e3	GET	/api-docs/	undefined
20250529	21:48:08	b99eb725-3d39-4836-bec6-ae4a0ecfb39e	GET	/api-docs/swagger-ui-bundle.js	undefined
20250529	21:48:08	5e146fa9-0c77-4954-b1fb-1f97ad3d4d77	GET	/api-docs/swagger-ui.css	undefined
20250529	21:48:08	55a394ff-8483-4a26-a438-ea023fe4bd69	GET	/api-docs/swagger-ui-standalone-preset.js	undefined
20250529	21:48:08	edddb8b9-a646-4233-b5b1-8f7912220aef	GET	/api-docs/swagger-ui-init.js	undefined
20250529	21:48:08	b612c8a6-f6a6-42e8-8cd0-6ba2c4c3ee14	GET	/api-docs/favicon-32x32.png	undefined
20250529	21:50:24	b65753dd-345e-4131-8363-8c2bab06b261	GET	/api-docs/	undefined
20250529	21:50:24	40b57228-79c4-4f1a-b898-feaeb2485fb7	GET	/api-docs/swagger-ui.css	undefined
20250529	21:50:24	3b2bda88-85e3-494e-a6e3-e5868ef65fd3	GET	/api-docs/swagger-ui-bundle.js	undefined
20250529	21:50:24	fc66b8f4-9c60-4a9c-9ea7-2dc5a197835b	GET	/api-docs/swagger-ui-standalone-preset.js	undefined
20250529	21:50:24	b11cff10-aca6-4d7a-90bb-7f8b7377b8fa	GET	/api-docs/swagger-ui-init.js	undefined
20250529	21:50:24	a6857064-0c0d-45e2-8f4f-a36a29e2f254	GET	/api-docs/favicon-32x32.png	undefined
20250529	21:56:49	3e4e779c-0e95-45b5-9296-abefe7f51cf2	POST	/api/auth/	undefined
20250529	21:56:55	42465835-3806-4486-8c01-273e911b5f8c	GET	/api-docs/	undefined
20250529	21:56:55	df911ca3-1e93-4d94-ad10-1addbdd2ea91	GET	/api-docs/swagger-ui-bundle.js	undefined
20250529	21:56:55	29209a98-926a-46e1-9aa3-348b9340ca52	GET	/api-docs/swagger-ui.css	undefined
20250529	21:56:55	5742cc4d-2d4e-497a-9f22-7b90a02a161f	GET	/api-docs/swagger-ui-standalone-preset.js	undefined
20250529	21:56:55	f9720f89-d6fa-4368-a3b6-1730bce8891d	GET	/api-docs/swagger-ui-init.js	undefined
20250529	21:56:55	138026e2-0d5d-484d-b8d1-6ff16ca40694	GET	/api-docs/favicon-32x32.png	undefined
20250529	22:43:00	d0225a40-6ce8-4d77-9876-686cf3fc07ce	POST	/api/user/	undefined
20250529	22:43:12	267007de-b378-49ed-9f46-d32c590f8236	POST	/api/ai/test	undefined
20250529	22:44:27	3a458210-a47d-409b-9af7-38e94958cb09	POST	/api/ai/test	undefined
20250529	22:49:13	31c9960f-008a-4311-9f9d-923eea1822e8	POST	/api/ai/test	undefined
20250529	22:49:46	b501f4ea-5a87-43ea-967e-668585c89979	GET	/api/user/	undefined
20250529	22:50:13	f7dbf569-c299-4ba7-8d2a-b5b825187a47	POST	/api/professions/	undefined
20250529	22:50:17	a5fbf716-189e-4b76-856c-13c45ee6d985	POST	/api/profession/	undefined
20250529	22:50:18	18f97658-7003-4239-8442-df9abaa6d7b9	POST	/api/profession/	undefined
20250529	22:50:18	19fdc963-f020-42fc-878d-aa8c7c7f4481	POST	/api/profession/	undefined
20250529	22:50:41	d041f0c7-db06-4c0d-b5ba-85a96c54781f	POST	/api/profession/	undefined
20250529	22:50:42	9ff1158f-1e25-49c4-a2a4-b1c26a437305	POST	/api/profession/	undefined
20250529	22:50:43	5a2fa80d-cc0b-4086-8690-1a1ee88a5fb6	POST	/api/profession/	undefined
20250529	22:50:43	56bdefec-a055-4482-883e-bcc125ee2b54	POST	/api/profession/	undefined
20250529	22:53:12	dd0141a8-3ce8-44c3-ad1a-ce71ffa86e32	POST	/api/profession	undefined
20250529	22:53:13	f6f2facf-b74b-45aa-bcce-3ef1f855d9b9	POST	/api/profession	undefined
20250529	22:53:14	be5bb129-8483-4251-a651-beb3acb3edf1	POST	/api/profession	undefined
20250529	22:53:14	321f231e-df6b-4c6b-ac92-0c9e988954a1	POST	/api/profession	undefined
20250529	22:53:14	9ca63f75-7c4d-4e40-8d16-58bec63cde26	POST	/api/profession	undefined
20250529	22:54:30	441bc06b-8f8e-4636-a783-9fc0441f6349	POST	/api/user	undefined
20250529	22:54:31	56c1b45d-7e83-44d3-817f-e1bce05cc366	POST	/api/user	undefined
20250529	22:54:31	3041e8c8-f43b-480d-b4ee-b1e1ece02d77	POST	/api/user	undefined
20250529	22:54:41	a252ff85-39e6-4840-9637-35de1536e59b	GET	/api/profession	undefined
20250529	23:01:10	25db2989-95f1-4d24-af9c-0b44f0e709d8	GET	/api/professions	undefined
20250529	23:01:15	8d4b8dbb-491d-44b0-8d37-2b15c1f09cf4	GET	/api/users	undefined
20250529	23:06:56	92dc5baf-0b79-40fa-9f32-ea409b389574	POST	/api/ai/test	undefined
20250529	23:09:22	92659300-730e-4a73-ba88-d1ee9813a418	POST	/api/ai/test	undefined
20250529	23:10:14	41587a22-ad92-4c41-9e4c-4756cda31321	POST	/api/ai/test	undefined
20250529	23:10:59	1b093a3c-31ae-4f35-b803-e43e3cb74b54	GET	/api/users	undefined
20250529	23:11:12	21432643-18ea-4284-bd92-5e17b5a6bb39	GET	/api/tests/	undefined
20250529	23:26:24	8b330d5c-831c-4c15-8b74-4a4a83a5cec6	POST	/api/ai/test	undefined
20250529	23:26:44	8c6db727-daeb-492b-8984-ec62800458e0	GET	/api/users	undefined
20250529	23:26:52	c7877e58-1f42-45f8-ac36-1a957cc9a860	GET	/api/tests/	undefined
20250529	23:27:47	59aefe4a-e910-4766-8659-3f8c1976349c	GET	/api/professions/68389cb824b360447324742b	undefined
20250529	23:27:53	6a624087-7b73-4b6b-ae4a-0fe43f156657	GET	/api/professions/	undefined
20250529	23:30:08	13577c8b-8c27-424f-9a4a-d712e39708ad	POST	/api/ai/test	undefined
20250529	23:34:44	e789367b-cfc7-41a4-b3b8-d1e64c018596	POST	/api/ai/test	undefined
20250529	23:38:18	5c3e3f5e-dc31-4847-aa79-762c11bab499	POST	/api/ai/test	undefined
20250529	23:44:37	09cfa3fc-0ab9-4205-b917-d18ebf9a7161	POST	/api/ai/test	undefined
20250529	23:45:07	a2c3358f-11dd-47f7-9fa4-d72ff0318753	GET	/api/professions/	undefined
20250529	23:50:53	8dc1b2e9-aed0-4971-8cc6-d8536b281062	GET	/api/professions/	undefined
20250529	23:50:56	87139c52-12d0-4309-b4b7-314e44beafad	POST	/api/ai/test	undefined
20250529	23:55:11	f3fb4105-6ae3-4c41-9f99-b73f5bfaa2b6	POST	/api/register/	undefined
20250529	23:55:29	edc93648-21e0-4834-bdac-a733ccb0e75c	POST	/api/ai/test	undefined
20250529	23:56:37	5ccfa50b-7ba9-4af6-b7ca-2817ee282d69	POST	/api/ai/test	undefined
20250530	00:00:44	8b0644a8-7779-4ac6-89be-a43758ffd74b	POST	/api/auth/	undefined
20250530	00:00:57	015b36ee-863c-4b4c-b1e3-6fb2a6145b27	GET	/api/professions/	undefined
20250530	00:01:18	e7b5e8f1-0d76-4509-bf47-f465f6de82e9	GET	/api/lessons	undefined
20250530	00:02:05	463158d3-e0ac-405a-acd8-b62d8db51203	GET	/api/lessons	undefined
